# JRE version: Java(TM) SE Runtime Environment (8.0_181-b13) (build 1.8.0_181-b13)
# Java VM: Java HotSpot(TM) 64-Bit Server VM (25.181-b13 mixed mode windows-amd64 compressed oops)
Heap:
 PSYoungGen      total 17920K, used 10018K [0x00000000ec000000, 0x00000000ed400000, 0x0000000100000000)
  eden space 15360K, 48% used [0x00000000ec000000,0x00000000ec74eea8,0x00000000ecf00000)
  from space 2560K, 99% used [0x00000000ed180000,0x00000000ed3f9c60,0x00000000ed400000)
  to   space 2560K, 0% used [0x00000000ecf00000,0x00000000ecf00000,0x00000000ed180000)
 ParOldGen       total 30208K, used 6564K [0x00000000c4000000, 0x00000000c5d80000, 0x00000000ec000000)
  object space 30208K, 21% used [0x00000000c4000000,0x00000000c4669180,0x00000000c5d80000)
 Metaspace       used 12698K, capacity 13014K, committed 13184K, reserved 1060864K
  class space    used 1702K, capacity 1811K, committed 1920K, reserved 1048576K
GC Heap History (6 events):
Event: 0.534 GC heap before
{Heap before GC invocations=1 (full 0):
 PSYoungGen      total 17920K, used 12133K [0x00000000ec000000, 0x00000000ed400000, 0x0000000100000000)
  eden space 15360K, 78% used [0x00000000ec000000,0x00000000ecbd9560,0x00000000ecf00000)
  from space 2560K, 0% used [0x00000000ed180000,0x00000000ed180000,0x00000000ed400000)
  to   space 2560K, 0% used [0x00000000ecf00000,0x00000000ecf00000,0x00000000ed180000)
 ParOldGen       total 40960K, used 0K [0x00000000c4000000, 0x00000000c6800000, 0x00000000ec000000)
  object space 40960K, 0% used [0x00000000c4000000,0x00000000c4000000,0x00000000c6800000)
 Metaspace       used 8553K, capacity 8818K, committed 8960K, reserved 1060864K
  class space    used 1052K, capacity 1164K, committed 1280K, reserved 1048576K
Event: 0.536 GC heap after
Heap after GC invocations=1 (full 0):
 PSYoungGen      total 17920K, used 1808K [0x00000000ec000000, 0x00000000ed400000, 0x0000000100000000)
  eden space 15360K, 0% used [0x00000000ec000000,0x00000000ec000000,0x00000000ecf00000)
  from space 2560K, 70% used [0x00000000ecf00000,0x00000000ed0c4060,0x00000000ed180000)
  to   space 2560K, 0% used [0x00000000ed180000,0x00000000ed180000,0x00000000ed400000)
 ParOldGen       total 40960K, used 8K [0x00000000c4000000, 0x00000000c6800000, 0x00000000ec000000)
  object space 40960K, 0% used [0x00000000c4000000,0x00000000c4002000,0x00000000c6800000)
 Metaspace       used 8553K, capacity 8818K, committed 8960K, reserved 1060864K
  class space    used 1052K, capacity 1164K, committed 1280K, reserved 1048576K
}
Event: 0.536 GC heap before
{Heap before GC invocations=2 (full 1):
 PSYoungGen      total 17920K, used 1808K [0x00000000ec000000, 0x00000000ed400000, 0x0000000100000000)
  eden space 15360K, 0% used [0x00000000ec000000,0x00000000ec000000,0x00000000ecf00000)
  from space 2560K, 70% used [0x00000000ecf00000,0x00000000ed0c4060,0x00000000ed180000)
  to   space 2560K, 0% used [0x00000000ed180000,0x00000000ed180000,0x00000000ed400000)
 ParOldGen       total 40960K, used 8K [0x00000000c4000000, 0x00000000c6800000, 0x00000000ec000000)
  object space 40960K, 0% used [0x00000000c4000000,0x00000000c4002000,0x00000000c6800000)
 Metaspace       used 8553K, capacity 8818K, committed 8960K, reserved 1060864K
  class space    used 1052K, capacity 1164K, committed 1280K, reserved 1048576K
Event: 0.544 GC heap after
Heap after GC invocations=2 (full 1):
 PSYoungGen      total 17920K, used 0K [0x00000000ec000000, 0x00000000ed400000, 0x0000000100000000)
  eden space 15360K, 0% used [0x00000000ec000000,0x00000000ec000000,0x00000000ecf00000)
  from space 2560K, 0% used [0x00000000ecf00000,0x00000000ecf00000,0x00000000ed180000)
  to   space 2560K, 0% used [0x00000000ed180000,0x00000000ed180000,0x00000000ed400000)
 ParOldGen       total 30208K, used 1730K [0x00000000c4000000, 0x00000000c5d80000, 0x00000000ec000000)
  object space 30208K, 5% used [0x00000000c4000000,0x00000000c41b0818,0x00000000c5d80000)
 Metaspace       used 8553K, capacity 8818K, committed 8960K, reserved 1058816K
  class space    used 1052K, capacity 1164K, committed 1280K, reserved 1048576K
}
Event: 0.791 GC heap before
{Heap before GC invocations=3 (full 1):
 PSYoungGen      total 17920K, used 13030K [0x00000000ec000000, 0x00000000ed400000, 0x0000000100000000)
  eden space 15360K, 84% used [0x00000000ec000000,0x00000000eccb9a80,0x00000000ecf00000)
  from space 2560K, 0% used [0x00000000ecf00000,0x00000000ecf00000,0x00000000ed180000)
  to   space 2560K, 0% used [0x00000000ed180000,0x00000000ed180000,0x00000000ed400000)
 ParOldGen       total 30208K, used 1730K [0x00000000c4000000, 0x00000000c5d80000, 0x00000000ec000000)
  object space 30208K, 5% used [0x00000000c4000000,0x00000000c41b0818,0x00000000c5d80000)
 Metaspace       used 11797K, capacity 12176K, committed 12416K, reserved 1060864K
  class space    used 1532K, capacity 1636K, committed 1664K, reserved 1048576K
Event: 0.795 GC heap after
Heap after GC invocations=3 (full 1):
 PSYoungGen      total 17920K, used 2535K [0x00000000ec000000, 0x00000000ed400000, 0x0000000100000000)
  eden space 15360K, 0% used [0x00000000ec000000,0x00000000ec000000,0x00000000ecf00000)
  from space 2560K, 99% used [0x00000000ed180000,0x00000000ed3f9c60,0x00000000ed400000)
  to   space 2560K, 0% used [0x00000000ecf00000,0x00000000ecf00000,0x00000000ed180000)
 ParOldGen       total 30208K, used 6564K [0x00000000c4000000, 0x00000000c5d80000, 0x00000000ec000000)
  object space 30208K, 21% used [0x00000000c4000000,0x00000000c4669180,0x00000000c5d80000)
 Metaspace       used 11797K, capacity 12176K, committed 12416K, reserved 1060864K
  class space    used 1532K, capacity 1636K, committed 1664K, reserved 1048576K
}

