# JRE version: Java(TM) SE Runtime Environment (8.0_181-b13) (build 1.8.0_181-b13)
# Java VM: Java HotSpot(TM) 64-Bit Server VM (25.181-b13 mixed mode windows-amd64 compressed oops)
Heap:
 PSYoungGen      total 33280K, used 1560K [0x00000000ec000000, 0x00000000ee300000, 0x0000000100000000)
  eden space 30720K, 5% used [0x00000000ec000000,0x00000000ec186298,0x00000000ede00000)
  from space 2560K, 0% used [0x00000000ede00000,0x00000000ede00000,0x00000000ee080000)
  to   space 2560K, 0% used [0x00000000ee080000,0x00000000ee080000,0x00000000ee300000)
 ParOldGen       total 40960K, used 20925K [0x00000000c4000000, 0x00000000c6800000, 0x00000000ec000000)
  object space 40960K, 51% used [0x00000000c4000000,0x00000000c546f610,0x00000000c6800000)
 Metaspace       used 20639K, capacity 21564K, committed 21760K, reserved 1069056K
  class space    used 2853K, capacity 3043K, committed 3072K, reserved 1048576K
GC Heap History (10 events):
Event: 0.638 GC heap before
{Heap before GC invocations=2 (full 0):
 PSYoungGen      total 17920K, used 13554K [0x00000000ec000000, 0x00000000ed400000, 0x0000000100000000)
  eden space 15360K, 72% used [0x00000000ec000000,0x00000000ecae59f8,0x00000000ecf00000)
  from space 2560K, 93% used [0x00000000ecf00000,0x00000000ed156ee0,0x00000000ed180000)
  to   space 2560K, 0% used [0x00000000ed180000,0x00000000ed180000,0x00000000ed400000)
 ParOldGen       total 40960K, used 72K [0x00000000c4000000, 0x00000000c6800000, 0x00000000ec000000)
  object space 40960K, 0% used [0x00000000c4000000,0x00000000c4012010,0x00000000c6800000)
 Metaspace       used 11806K, capacity 12176K, committed 12416K, reserved 1060864K
  class space    used 1533K, capacity 1636K, committed 1664K, reserved 1048576K
Event: 0.641 GC heap after
Heap after GC invocations=2 (full 0):
 PSYoungGen      total 17920K, used 2544K [0x00000000ec000000, 0x00000000ee300000, 0x0000000100000000)
  eden space 15360K, 0% used [0x00000000ec000000,0x00000000ec000000,0x00000000ecf00000)
  from space 2560K, 99% used [0x00000000ed180000,0x00000000ed3fc030,0x00000000ed400000)
  to   space 2560K, 0% used [0x00000000ecf00000,0x00000000ecf00000,0x00000000ed180000)
 ParOldGen       total 40960K, used 6476K [0x00000000c4000000, 0x00000000c6800000, 0x00000000ec000000)
  object space 40960K, 15% used [0x00000000c4000000,0x00000000c46531d0,0x00000000c6800000)
 Metaspace       used 11806K, capacity 12176K, committed 12416K, reserved 1060864K
  class space    used 1533K, capacity 1636K, committed 1664K, reserved 1048576K
}
Event: 0.931 GC heap before
{Heap before GC invocations=3 (full 0):
 PSYoungGen      total 17920K, used 17904K [0x00000000ec000000, 0x00000000ee300000, 0x0000000100000000)
  eden space 15360K, 100% used [0x00000000ec000000,0x00000000ecf00000,0x00000000ecf00000)
  from space 2560K, 99% used [0x00000000ed180000,0x00000000ed3fc030,0x00000000ed400000)
  to   space 2560K, 0% used [0x00000000ecf00000,0x00000000ecf00000,0x00000000ed180000)
 ParOldGen       total 40960K, used 6476K [0x00000000c4000000, 0x00000000c6800000, 0x00000000ec000000)
  object space 40960K, 15% used [0x00000000c4000000,0x00000000c46531d0,0x00000000c6800000)
 Metaspace       used 15732K, capacity 16306K, committed 16640K, reserved 1062912K
  class space    used 2290K, capacity 2459K, committed 2560K, reserved 1048576K
Event: 0.936 GC heap after
Heap after GC invocations=3 (full 0):
 PSYoungGen      total 17920K, used 2544K [0x00000000ec000000, 0x00000000ee300000, 0x0000000100000000)
  eden space 15360K, 0% used [0x00000000ec000000,0x00000000ec000000,0x00000000ecf00000)
  from space 2560K, 99% used [0x00000000ecf00000,0x00000000ed17c030,0x00000000ed180000)
  to   space 2560K, 0% used [0x00000000ee080000,0x00000000ee080000,0x00000000ee300000)
 ParOldGen       total 40960K, used 12292K [0x00000000c4000000, 0x00000000c6800000, 0x00000000ec000000)
  object space 40960K, 30% used [0x00000000c4000000,0x00000000c4c01220,0x00000000c6800000)
 Metaspace       used 15732K, capacity 16306K, committed 16640K, reserved 1062912K
  class space    used 2290K, capacity 2459K, committed 2560K, reserved 1048576K
}
Event: 12.864 GC heap before
{Heap before GC invocations=4 (full 0):
 PSYoungGen      total 17920K, used 17904K [0x00000000ec000000, 0x00000000ee300000, 0x0000000100000000)
  eden space 15360K, 100% used [0x00000000ec000000,0x00000000ecf00000,0x00000000ecf00000)
  from space 2560K, 99% used [0x00000000ecf00000,0x00000000ed17c030,0x00000000ed180000)
  to   space 2560K, 0% used [0x00000000ee080000,0x00000000ee080000,0x00000000ee300000)
 ParOldGen       total 40960K, used 12292K [0x00000000c4000000, 0x00000000c6800000, 0x00000000ec000000)
  object space 40960K, 30% used [0x00000000c4000000,0x00000000c4c01220,0x00000000c6800000)
 Metaspace       used 19996K, capacity 20794K, committed 20864K, reserved 1067008K
  class space    used 2748K, capacity 2934K, committed 2944K, reserved 1048576K
Event: 12.873 GC heap after
Heap after GC invocations=4 (full 0):
 PSYoungGen      total 33280K, used 2544K [0x00000000ec000000, 0x00000000ee300000, 0x0000000100000000)
  eden space 30720K, 0% used [0x00000000ec000000,0x00000000ec000000,0x00000000ede00000)
  from space 2560K, 99% used [0x00000000ee080000,0x00000000ee2fc030,0x00000000ee300000)
  to   space 2560K, 0% used [0x00000000ede00000,0x00000000ede00000,0x00000000ee080000)
 ParOldGen       total 40960K, used 18487K [0x00000000c4000000, 0x00000000c6800000, 0x00000000ec000000)
  object space 40960K, 45% used [0x00000000c4000000,0x00000000c520dcf8,0x00000000c6800000)
 Metaspace       used 19996K, capacity 20794K, committed 20864K, reserved 1067008K
  class space    used 2748K, capacity 2934K, committed 2944K, reserved 1048576K
}
Event: 12.911 GC heap before
{Heap before GC invocations=5 (full 0):
 PSYoungGen      total 33280K, used 4596K [0x00000000ec000000, 0x00000000ee300000, 0x0000000100000000)
  eden space 30720K, 6% used [0x00000000ec000000,0x00000000ec201298,0x00000000ede00000)
  from space 2560K, 99% used [0x00000000ee080000,0x00000000ee2fc030,0x00000000ee300000)
  to   space 2560K, 0% used [0x00000000ede00000,0x00000000ede00000,0x00000000ee080000)
 ParOldGen       total 40960K, used 18487K [0x00000000c4000000, 0x00000000c6800000, 0x00000000ec000000)
  object space 40960K, 45% used [0x00000000c4000000,0x00000000c520dcf8,0x00000000c6800000)
 Metaspace       used 20365K, capacity 21154K, committed 21248K, reserved 1067008K
  class space    used 2786K, capacity 2980K, committed 3072K, reserved 1048576K
Event: 12.915 GC heap after
Heap after GC invocations=5 (full 0):
 PSYoungGen      total 33280K, used 2528K [0x00000000ec000000, 0x00000000ee300000, 0x0000000100000000)
  eden space 30720K, 0% used [0x00000000ec000000,0x00000000ec000000,0x00000000ede00000)
  from space 2560K, 98% used [0x00000000ede00000,0x00000000ee078020,0x00000000ee080000)
  to   space 2560K, 0% used [0x00000000ee080000,0x00000000ee080000,0x00000000ee300000)
 ParOldGen       total 40960K, used 18726K [0x00000000c4000000, 0x00000000c6800000, 0x00000000ec000000)
  object space 40960K, 45% used [0x00000000c4000000,0x00000000c5249958,0x00000000c6800000)
 Metaspace       used 20365K, capacity 21154K, committed 21248K, reserved 1067008K
  class space    used 2786K, capacity 2980K, committed 3072K, reserved 1048576K
}
Event: 12.915 GC heap before
{Heap before GC invocations=6 (full 1):
 PSYoungGen      total 33280K, used 2528K [0x00000000ec000000, 0x00000000ee300000, 0x0000000100000000)
  eden space 30720K, 0% used [0x00000000ec000000,0x00000000ec000000,0x00000000ede00000)
  from space 2560K, 98% used [0x00000000ede00000,0x00000000ee078020,0x00000000ee080000)
  to   space 2560K, 0% used [0x00000000ee080000,0x00000000ee080000,0x00000000ee300000)
 ParOldGen       total 40960K, used 18726K [0x00000000c4000000, 0x00000000c6800000, 0x00000000ec000000)
  object space 40960K, 45% used [0x00000000c4000000,0x00000000c5249958,0x00000000c6800000)
 Metaspace       used 20365K, capacity 21154K, committed 21248K, reserved 1067008K
  class space    used 2786K, capacity 2980K, committed 3072K, reserved 1048576K
Event: 12.953 GC heap after
Heap after GC invocations=6 (full 1):
 PSYoungGen      total 33280K, used 0K [0x00000000ec000000, 0x00000000ee300000, 0x0000000100000000)
  eden space 30720K, 0% used [0x00000000ec000000,0x00000000ec000000,0x00000000ede00000)
  from space 2560K, 0% used [0x00000000ede00000,0x00000000ede00000,0x00000000ee080000)
  to   space 2560K, 0% used [0x00000000ee080000,0x00000000ee080000,0x00000000ee300000)
 ParOldGen       total 40960K, used 20925K [0x00000000c4000000, 0x00000000c6800000, 0x00000000ec000000)
  object space 40960K, 51% used [0x00000000c4000000,0x00000000c546f610,0x00000000c6800000)
 Metaspace       used 20365K, capacity 21154K, committed 21248K, reserved 1067008K
  class space    used 2786K, capacity 2980K, committed 3072K, reserved 1048576K
}

