# JRE version: Java(TM) SE Runtime Environment (8.0_181-b13) (build 1.8.0_181-b13)
# Java VM: Java HotSpot(TM) 64-Bit Server VM (25.181-b13 mixed mode windows-amd64 compressed oops)
Heap:
 PSYoungGen      total 17920K, used 5705K [0x00000000ec000000, 0x00000000ef700000, 0x0000000100000000)
  eden space 15360K, 37% used [0x00000000ec000000,0x00000000ec5924f0,0x00000000ecf00000)
  from space 2560K, 0% used [0x00000000ecf00000,0x00000000ecf00000,0x00000000ed180000)
  to   space 12800K, 0% used [0x00000000eea80000,0x00000000eea80000,0x00000000ef700000)
 ParOldGen       total 47104K, used 20792K [0x00000000c4000000, 0x00000000c6e00000, 0x00000000ec000000)
  object space 47104K, 44% used [0x00000000c4000000,0x00000000c544e1e0,0x00000000c6e00000)
 Metaspace       used 21604K, capacity 22748K, committed 23040K, reserved 1069056K
  class space    used 2996K, capacity 3223K, committed 3328K, reserved 1048576K
GC Heap History (10 events):
Event: 0.698 GC heap before
{Heap before GC invocations=2 (full 0):
 PSYoungGen      total 17920K, used 13539K [0x00000000ec000000, 0x00000000ed400000, 0x0000000100000000)
  eden space 15360K, 72% used [0x00000000ec000000,0x00000000ecae5d60,0x00000000ecf00000)
  from space 2560K, 92% used [0x00000000ecf00000,0x00000000ed152ef0,0x00000000ed180000)
  to   space 2560K, 0% used [0x00000000ed180000,0x00000000ed180000,0x00000000ed400000)
 ParOldGen       total 40960K, used 72K [0x00000000c4000000, 0x00000000c6800000, 0x00000000ec000000)
  object space 40960K, 0% used [0x00000000c4000000,0x00000000c4012010,0x00000000c6800000)
 Metaspace       used 11821K, capacity 12176K, committed 12416K, reserved 1060864K
  class space    used 1533K, capacity 1636K, committed 1664K, reserved 1048576K
Event: 0.702 GC heap after
Heap after GC invocations=2 (full 0):
 PSYoungGen      total 17920K, used 2544K [0x00000000ec000000, 0x00000000ee300000, 0x0000000100000000)
  eden space 15360K, 0% used [0x00000000ec000000,0x00000000ec000000,0x00000000ecf00000)
  from space 2560K, 99% used [0x00000000ed180000,0x00000000ed3fc030,0x00000000ed400000)
  to   space 2560K, 0% used [0x00000000ecf00000,0x00000000ecf00000,0x00000000ed180000)
 ParOldGen       total 40960K, used 6468K [0x00000000c4000000, 0x00000000c6800000, 0x00000000ec000000)
  object space 40960K, 15% used [0x00000000c4000000,0x00000000c46511d0,0x00000000c6800000)
 Metaspace       used 11821K, capacity 12176K, committed 12416K, reserved 1060864K
  class space    used 1533K, capacity 1636K, committed 1664K, reserved 1048576K
}
Event: 1.296 GC heap before
{Heap before GC invocations=3 (full 0):
 PSYoungGen      total 17920K, used 17904K [0x00000000ec000000, 0x00000000ee300000, 0x0000000100000000)
  eden space 15360K, 100% used [0x00000000ec000000,0x00000000ecf00000,0x00000000ecf00000)
  from space 2560K, 99% used [0x00000000ed180000,0x00000000ed3fc030,0x00000000ed400000)
  to   space 2560K, 0% used [0x00000000ecf00000,0x00000000ecf00000,0x00000000ed180000)
 ParOldGen       total 40960K, used 6468K [0x00000000c4000000, 0x00000000c6800000, 0x00000000ec000000)
  object space 40960K, 15% used [0x00000000c4000000,0x00000000c46511d0,0x00000000c6800000)
 Metaspace       used 15734K, capacity 16306K, committed 16640K, reserved 1062912K
  class space    used 2290K, capacity 2459K, committed 2560K, reserved 1048576K
Event: 1.300 GC heap after
Heap after GC invocations=3 (full 0):
 PSYoungGen      total 17920K, used 2528K [0x00000000ec000000, 0x00000000ed400000, 0x0000000100000000)
  eden space 15360K, 0% used [0x00000000ec000000,0x00000000ec000000,0x00000000ecf00000)
  from space 2560K, 98% used [0x00000000ecf00000,0x00000000ed178040,0x00000000ed180000)
  to   space 2560K, 0% used [0x00000000ed180000,0x00000000ed180000,0x00000000ed400000)
 ParOldGen       total 40960K, used 12319K [0x00000000c4000000, 0x00000000c6800000, 0x00000000ec000000)
  object space 40960K, 30% used [0x00000000c4000000,0x00000000c4c07cd0,0x00000000c6800000)
 Metaspace       used 15734K, capacity 16306K, committed 16640K, reserved 1062912K
  class space    used 2290K, capacity 2459K, committed 2560K, reserved 1048576K
}
Event: 17.921 GC heap before
{Heap before GC invocations=4 (full 0):
 PSYoungGen      total 17920K, used 17888K [0x00000000ec000000, 0x00000000ed400000, 0x0000000100000000)
  eden space 15360K, 100% used [0x00000000ec000000,0x00000000ecf00000,0x00000000ecf00000)
  from space 2560K, 98% used [0x00000000ecf00000,0x00000000ed178040,0x00000000ed180000)
  to   space 2560K, 0% used [0x00000000ed180000,0x00000000ed180000,0x00000000ed400000)
 ParOldGen       total 40960K, used 12319K [0x00000000c4000000, 0x00000000c6800000, 0x00000000ec000000)
  object space 40960K, 30% used [0x00000000c4000000,0x00000000c4c07cd0,0x00000000c6800000)
 Metaspace       used 20201K, capacity 21020K, committed 21120K, reserved 1067008K
  class space    used 2749K, capacity 2937K, committed 2944K, reserved 1048576K
Event: 17.927 GC heap after
Heap after GC invocations=4 (full 0):
 PSYoungGen      total 17920K, used 2528K [0x00000000ec000000, 0x00000000ed400000, 0x0000000100000000)
  eden space 15360K, 0% used [0x00000000ec000000,0x00000000ec000000,0x00000000ecf00000)
  from space 2560K, 98% used [0x00000000ed180000,0x00000000ed3f8070,0x00000000ed400000)
  to   space 2560K, 0% used [0x00000000ecf00000,0x00000000ecf00000,0x00000000ed180000)
 ParOldGen       total 40960K, used 18510K [0x00000000c4000000, 0x00000000c6800000, 0x00000000ec000000)
  object space 40960K, 45% used [0x00000000c4000000,0x00000000c5213a50,0x00000000c6800000)
 Metaspace       used 20201K, capacity 21020K, committed 21120K, reserved 1067008K
  class space    used 2749K, capacity 2937K, committed 2944K, reserved 1048576K
}
Event: 17.940 GC heap before
{Heap before GC invocations=5 (full 0):
 PSYoungGen      total 17920K, used 3318K [0x00000000ec000000, 0x00000000ed400000, 0x0000000100000000)
  eden space 15360K, 5% used [0x00000000ec000000,0x00000000ec0c5a00,0x00000000ecf00000)
  from space 2560K, 98% used [0x00000000ed180000,0x00000000ed3f8070,0x00000000ed400000)
  to   space 2560K, 0% used [0x00000000ecf00000,0x00000000ecf00000,0x00000000ed180000)
 ParOldGen       total 40960K, used 18510K [0x00000000c4000000, 0x00000000c6800000, 0x00000000ec000000)
  object space 40960K, 45% used [0x00000000c4000000,0x00000000c5213a50,0x00000000c6800000)
 Metaspace       used 20304K, capacity 21122K, committed 21248K, reserved 1067008K
  class space    used 2765K, capacity 2970K, committed 3072K, reserved 1048576K
Event: 17.944 GC heap after
Heap after GC invocations=5 (full 0):
 PSYoungGen      total 17920K, used 2549K [0x00000000ec000000, 0x00000000ef700000, 0x0000000100000000)
  eden space 15360K, 0% used [0x00000000ec000000,0x00000000ec000000,0x00000000ecf00000)
  from space 2560K, 99% used [0x00000000ecf00000,0x00000000ed17d418,0x00000000ed180000)
  to   space 12800K, 0% used [0x00000000eea80000,0x00000000eea80000,0x00000000ef700000)
 ParOldGen       total 40960K, used 18662K [0x00000000c4000000, 0x00000000c6800000, 0x00000000ec000000)
  object space 40960K, 45% used [0x00000000c4000000,0x00000000c5239a50,0x00000000c6800000)
 Metaspace       used 20304K, capacity 21122K, committed 21248K, reserved 1067008K
  class space    used 2765K, capacity 2970K, committed 3072K, reserved 1048576K
}
Event: 17.944 GC heap before
{Heap before GC invocations=6 (full 1):
 PSYoungGen      total 17920K, used 2549K [0x00000000ec000000, 0x00000000ef700000, 0x0000000100000000)
  eden space 15360K, 0% used [0x00000000ec000000,0x00000000ec000000,0x00000000ecf00000)
  from space 2560K, 99% used [0x00000000ecf00000,0x00000000ed17d418,0x00000000ed180000)
  to   space 12800K, 0% used [0x00000000eea80000,0x00000000eea80000,0x00000000ef700000)
 ParOldGen       total 40960K, used 18662K [0x00000000c4000000, 0x00000000c6800000, 0x00000000ec000000)
  object space 40960K, 45% used [0x00000000c4000000,0x00000000c5239a50,0x00000000c6800000)
 Metaspace       used 20304K, capacity 21122K, committed 21248K, reserved 1067008K
  class space    used 2765K, capacity 2970K, committed 3072K, reserved 1048576K
Event: 17.988 GC heap after
Heap after GC invocations=6 (full 1):
 PSYoungGen      total 17920K, used 0K [0x00000000ec000000, 0x00000000ef700000, 0x0000000100000000)
  eden space 15360K, 0% used [0x00000000ec000000,0x00000000ec000000,0x00000000ecf00000)
  from space 2560K, 0% used [0x00000000ecf00000,0x00000000ecf00000,0x00000000ed180000)
  to   space 12800K, 0% used [0x00000000eea80000,0x00000000eea80000,0x00000000ef700000)
 ParOldGen       total 47104K, used 20792K [0x00000000c4000000, 0x00000000c6e00000, 0x00000000ec000000)
  object space 47104K, 44% used [0x00000000c4000000,0x00000000c544e1e0,0x00000000c6e00000)
 Metaspace       used 20304K, capacity 21122K, committed 21248K, reserved 1067008K
  class space    used 2765K, capacity 2970K, committed 3072K, reserved 1048576K
}

